2025-09-23 13:05:36 error: uncaughtException: argument handler must be a function
TypeError: argument handler must be a function
    at Route.<computed> [as get] (C:\Users\fruge\OneDrive\Documents\chequeo\backend\node_modules\router\lib\route.js:228:15)
    at Router.<computed> [as get] (C:\Users\fruge\OneDrive\Documents\chequeo\backend\node_modules\router\index.js:448:19)
    at Object.<anonymous> (C:\Users\fruge\OneDrive\Documents\chequeo\backend\src\routes\encuesta.routes.js:119:8)
    at Module._compile (node:internal/modules/cjs/loader:1469:14)
    at Module._extensions..js (node:internal/modules/cjs/loader:1548:10)
    at Module.load (node:internal/modules/cjs/loader:1288:32)
    at Module._load (node:internal/modules/cjs/loader:1104:12)
    at Module.require (node:internal/modules/cjs/loader:1311:19)
    at require (node:internal/modules/helpers:179:18)
    at Object.<anonymous> (C:\Users\fruge\OneDrive\Documents\chequeo\backend\src\routes\index.js:5:24)
2025-09-23 13:06:40 error: uncaughtException: argument handler must be a function
TypeError: argument handler must be a function
    at Route.<computed> [as get] (C:\Users\fruge\OneDrive\Documents\chequeo\backend\node_modules\router\lib\route.js:228:15)
    at Router.<computed> [as get] (C:\Users\fruge\OneDrive\Documents\chequeo\backend\node_modules\router\index.js:448:19)
    at Object.<anonymous> (C:\Users\fruge\OneDrive\Documents\chequeo\backend\src\routes\encuesta.routes.js:178:8)
    at Module._compile (node:internal/modules/cjs/loader:1469:14)
    at Module._extensions..js (node:internal/modules/cjs/loader:1548:10)
    at Module.load (node:internal/modules/cjs/loader:1288:32)
    at Module._load (node:internal/modules/cjs/loader:1104:12)
    at Module.require (node:internal/modules/cjs/loader:1311:19)
    at require (node:internal/modules/helpers:179:18)
    at Object.<anonymous> (C:\Users\fruge\OneDrive\Documents\chequeo\backend\src\routes\index.js:5:24)
2025-09-23 13:08:02 error: uncaughtException: argument handler must be a function
TypeError: argument handler must be a function
    at Route.<computed> [as get] (C:\Users\fruge\OneDrive\Documents\chequeo\backend\node_modules\router\lib\route.js:228:15)
    at Router.<computed> [as get] (C:\Users\fruge\OneDrive\Documents\chequeo\backend\node_modules\router\index.js:448:19)
    at Object.<anonymous> (C:\Users\fruge\OneDrive\Documents\chequeo\backend\src\routes\encuesta.routes.js:228:8)
    at Module._compile (node:internal/modules/cjs/loader:1469:14)
    at Module._extensions..js (node:internal/modules/cjs/loader:1548:10)
    at Module.load (node:internal/modules/cjs/loader:1288:32)
    at Module._load (node:internal/modules/cjs/loader:1104:12)
    at Module.require (node:internal/modules/cjs/loader:1311:19)
    at require (node:internal/modules/helpers:179:18)
    at Object.<anonymous> (C:\Users\fruge\OneDrive\Documents\chequeo\backend\src\routes\index.js:5:24)
2025-09-23 18:02:11 error: uncaughtException: catchAsync is not a function
TypeError: catchAsync is not a function
    at Object.<anonymous> (C:\Users\fruge\OneDrive\Documents\chequeo\backend\src\controllers\auth-system.controller.js:35:10)
    at Module._compile (node:internal/modules/cjs/loader:1469:14)
    at Module._extensions..js (node:internal/modules/cjs/loader:1548:10)
    at Module.load (node:internal/modules/cjs/loader:1288:32)
    at Module._load (node:internal/modules/cjs/loader:1104:12)
    at Module.require (node:internal/modules/cjs/loader:1311:19)
    at require (node:internal/modules/helpers:179:18)
    at Object.<anonymous> (C:\Users\fruge\OneDrive\Documents\chequeo\backend\src\routes\auth-system.routes.js:3:30)
    at Module._compile (node:internal/modules/cjs/loader:1469:14)
    at Module._extensions..js (node:internal/modules/cjs/loader:1548:10)
2025-09-23 18:02:40 error: uncaughtException: catchAsync is not a function
TypeError: catchAsync is not a function
    at Object.<anonymous> (C:\Users\fruge\OneDrive\Documents\chequeo\backend\src\controllers\auth-system.controller.js:35:10)
    at Module._compile (node:internal/modules/cjs/loader:1469:14)
    at Module._extensions..js (node:internal/modules/cjs/loader:1548:10)
    at Module.load (node:internal/modules/cjs/loader:1288:32)
    at Module._load (node:internal/modules/cjs/loader:1104:12)
    at Module.require (node:internal/modules/cjs/loader:1311:19)
    at require (node:internal/modules/helpers:179:18)
    at Object.<anonymous> (C:\Users\fruge\OneDrive\Documents\chequeo\backend\src\routes\auth-system.routes.js:3:30)
    at Module._compile (node:internal/modules/cjs/loader:1469:14)
    at Module._extensions..js (node:internal/modules/cjs/loader:1548:10)
2025-09-23 18:07:26 error: uncaughtException: catchAsync is not a function
TypeError: catchAsync is not a function
    at Object.<anonymous> (C:\Users\fruge\OneDrive\Documents\chequeo\backend\src\controllers\auth-system.controller.js:35:10)
    at Module._compile (node:internal/modules/cjs/loader:1469:14)
    at Module._extensions..js (node:internal/modules/cjs/loader:1548:10)
    at Module.load (node:internal/modules/cjs/loader:1288:32)
    at Module._load (node:internal/modules/cjs/loader:1104:12)
    at Module.require (node:internal/modules/cjs/loader:1311:19)
    at require (node:internal/modules/helpers:179:18)
    at Object.<anonymous> (C:\Users\fruge\OneDrive\Documents\chequeo\backend\src\routes\auth-system.routes.js:3:30)
    at Module._compile (node:internal/modules/cjs/loader:1469:14)
    at Module._extensions..js (node:internal/modules/cjs/loader:1548:10)
2025-09-23 18:09:04 error: uncaughtException: catchAsync is not a function
TypeError: catchAsync is not a function
    at Object.<anonymous> (C:\Users\fruge\OneDrive\Documents\chequeo\backend\src\controllers\auth-system.controller.js:35:10)
    at Module._compile (node:internal/modules/cjs/loader:1469:14)
    at Module._extensions..js (node:internal/modules/cjs/loader:1548:10)
    at Module.load (node:internal/modules/cjs/loader:1288:32)
    at Module._load (node:internal/modules/cjs/loader:1104:12)
    at Module.require (node:internal/modules/cjs/loader:1311:19)
    at require (node:internal/modules/helpers:179:18)
    at Object.<anonymous> (C:\Users\fruge\OneDrive\Documents\chequeo\backend\src\routes\auth-system.routes.js:3:30)
    at Module._compile (node:internal/modules/cjs/loader:1469:14)
    at Module._extensions..js (node:internal/modules/cjs/loader:1548:10)
2025-09-23 18:09:18 error: uncaughtException: catchAsync is not a function
TypeError: catchAsync is not a function
    at Object.<anonymous> (C:\Users\fruge\OneDrive\Documents\chequeo\backend\src\controllers\auth-system.controller.js:35:10)
    at Module._compile (node:internal/modules/cjs/loader:1469:14)
    at Module._extensions..js (node:internal/modules/cjs/loader:1548:10)
    at Module.load (node:internal/modules/cjs/loader:1288:32)
    at Module._load (node:internal/modules/cjs/loader:1104:12)
    at Module.require (node:internal/modules/cjs/loader:1311:19)
    at require (node:internal/modules/helpers:179:18)
    at Object.<anonymous> (C:\Users\fruge\OneDrive\Documents\chequeo\backend\src\routes\auth-system.routes.js:3:30)
    at Module._compile (node:internal/modules/cjs/loader:1469:14)
    at Module._extensions..js (node:internal/modules/cjs/loader:1548:10)
2025-09-23 18:09:32 error: uncaughtException: catchAsync is not a function
TypeError: catchAsync is not a function
    at Object.<anonymous> (C:\Users\fruge\OneDrive\Documents\chequeo\backend\src\controllers\auth-system.controller.js:35:10)
    at Module._compile (node:internal/modules/cjs/loader:1469:14)
    at Module._extensions..js (node:internal/modules/cjs/loader:1548:10)
    at Module.load (node:internal/modules/cjs/loader:1288:32)
    at Module._load (node:internal/modules/cjs/loader:1104:12)
    at Module.require (node:internal/modules/cjs/loader:1311:19)
    at require (node:internal/modules/helpers:179:18)
    at Object.<anonymous> (C:\Users\fruge\OneDrive\Documents\chequeo\backend\src\routes\auth-system.routes.js:3:30)
    at Module._compile (node:internal/modules/cjs/loader:1469:14)
    at Module._extensions..js (node:internal/modules/cjs/loader:1548:10)
2025-09-23 18:09:44 error: uncaughtException: catchAsync is not a function
TypeError: catchAsync is not a function
    at Object.<anonymous> (C:\Users\fruge\OneDrive\Documents\chequeo\backend\src\controllers\auth-system.controller.js:35:10)
    at Module._compile (node:internal/modules/cjs/loader:1469:14)
    at Module._extensions..js (node:internal/modules/cjs/loader:1548:10)
    at Module.load (node:internal/modules/cjs/loader:1288:32)
    at Module._load (node:internal/modules/cjs/loader:1104:12)
    at Module.require (node:internal/modules/cjs/loader:1311:19)
    at require (node:internal/modules/helpers:179:18)
    at Object.<anonymous> (C:\Users\fruge\OneDrive\Documents\chequeo\backend\src\routes\auth-system.routes.js:3:30)
    at Module._compile (node:internal/modules/cjs/loader:1469:14)
    at Module._extensions..js (node:internal/modules/cjs/loader:1548:10)
2025-09-23 18:24:22 error: uncaughtException: catchAsync is not a function
TypeError: catchAsync is not a function
    at Object.<anonymous> (C:\Users\fruge\OneDrive\Documents\chequeo\backend\src\controllers\auth-system.controller.js:35:10)
    at Module._compile (node:internal/modules/cjs/loader:1469:14)
    at Module._extensions..js (node:internal/modules/cjs/loader:1548:10)
    at Module.load (node:internal/modules/cjs/loader:1288:32)
    at Module._load (node:internal/modules/cjs/loader:1104:12)
    at Module.require (node:internal/modules/cjs/loader:1311:19)
    at require (node:internal/modules/helpers:179:18)
    at Object.<anonymous> (C:\Users\fruge\OneDrive\Documents\chequeo\backend\src\routes\auth-system.routes.js:3:30)
    at Module._compile (node:internal/modules/cjs/loader:1469:14)
    at Module._extensions..js (node:internal/modules/cjs/loader:1548:10)
